<?xml version="1.0" encoding="UTF-8"?>
<!-- Generated by org.testng.reporters.JUnitXMLReporter -->
<testsuite ignored="0" hostname="LAPTOP-THH3ITR4" failures="1" tests="1" name="Default test" time="3.873" errors="0" timestamp="18 Mar 2023 05:18:32 GMT">
  <testcase classname="io.cucumber.testng.AbstractTestNGCucumberTests" name="runScenario" time="2.875">
    <failure type="java.lang.NullPointerException" message="Cannot invoke &amp;quot;org.openqa.selenium.WebDriver.get(String)&amp;quot; because &amp;quot;this.driver&amp;quot; is null">
      <![CDATA[java.lang.NullPointerException: Cannot invoke "org.openqa.selenium.WebDriver.get(String)" because "this.driver" is null
at seleniumframework.pageobjects.LandingPage.goTo(LandingPage.java:58)
at seleniumframework.TestComponents.BaseTest.launchApplication(BaseTest.java:122)
at seleniumframework.stepDefinitions.StepDefinitionImpl.I_landed_on_Ecommerce_Page(StepDefinitionImpl.java:27)
at ✽.I landed on Ecommerce Page(file:///C:/Users/Aishu/Downloads/SeleniumFrameworkDesign%20(1)/SeleniumFrameworkDesign/src/test/java/cucumber/ErrorValidations.feature:9)
]]>
    </failure>
  </testcase> <!-- runScenario -->
</testsuite> <!-- Default test -->
