<?xml version="1.0" encoding="UTF-8"?>
<!-- Generated by org.testng.reporters.JUnitReportReporter -->
<testsuite hostname="LAPTOP-THH3ITR4" failures="0" tests="1" name="cucumber.TestNGTestRunner" time="2.875" errors="1" timestamp="18 Mar 2023 05:18:32 GMT" skipped="0">
  <testcase classname="cucumber.TestNGTestRunner" name="runScenario" time="2.875">
    <error message="Cannot invoke &quot;org.openqa.selenium.WebDriver.get(String)&quot; because &quot;this.driver&quot; is null" type="java.lang.NullPointerException">
      <![CDATA[java.lang.NullPointerException: Cannot invoke "org.openqa.selenium.WebDriver.get(String)" because "this.driver" is null
at seleniumframework.pageobjects.LandingPage.goTo(LandingPage.java:58)
at seleniumframework.TestComponents.BaseTest.launchApplication(BaseTest.java:122)
at seleniumframework.stepDefinitions.StepDefinitionImpl.I_landed_on_Ecommerce_Page(StepDefinitionImpl.java:27)
at ✽.I landed on Ecommerce Page(file:///C:/Users/Aishu/Downloads/SeleniumFrameworkDesign%20(1)/SeleniumFrameworkDesign/src/test/java/cucumber/ErrorValidations.feature:9)
]]>
    </error>
  </testcase> <!-- runScenario -->
</testsuite> <!-- cucumber.TestNGTestRunner -->
